<?xml version="1.0" encoding="UTF-8"?>
<!-- Generated by org.testng.reporters.JUnitXMLReporter -->
<testsuite ignored="0" hostname="DESKTOP-GLEE4PL" failures="0" tests="7" name="Test" time="202.797" errors="0" timestamp="2023-05-06T03:52:09 PDT">
  <testcase classname="test.LoginPageTest" name="validateLinksText" time="0.537"/>
  <testcase classname="test.LoginPageTest" name="validateLoginTest" time="14.519"/>
  <testcase classname="test.LoginPageTest" name="validateLogoTest" time="0.321"/>
  <testcase classname="test.HomepageTest" name="validateHomePageLogoTest" time="0.283"/>
  <testcase classname="test.HomepageTest" name="validateLogoutTest" time="0.373"/>
  <testcase classname="test.HomepageTest" name="validateRedirectionCreateContact" time="4.611"/>
  <testcase classname="test.HomepageTest" name="validateUserTest" time="0.154"/>
</testsuite> <!-- Test -->
